2023-12-18 15:12:833 INFO  HomePage :27 - Enter username [[ChromeDriver: chrome on windows (15a4a3dd14337d6f85cd31f92a9f4816)] -> xpath: /html[1]/body[1]/div[1]/div[1]/div[1]/div[1]/div[1]/div[2]/div[2]/form[1]/div[1]/div[1]/div[2]/input[1]]
2023-12-18 15:12:910 INFO  HomePage :34 - Enter password [[ChromeDriver: chrome on windows (15a4a3dd14337d6f85cd31f92a9f4816)] -> xpath: /html[1]/body[1]/div[1]/div[1]/div[1]/div[1]/div[1]/div[2]/div[2]/form[1]/div[2]/div[1]/div[2]/input[1]]
2023-12-18 15:12:10 INFO  HomePage :40 - Click On login Button [[ChromeDriver: chrome on windows (15a4a3dd14337d6f85cd31f92a9f4816)] -> xpath: /html[1]/body[1]/div[1]/div[1]/div[1]/div[1]/div[1]/div[2]/div[2]/form[1]/div[3]/button[1]]
2023-12-18 15:12:69 INFO  AdminPage :25 - Click on Admin [[ChromeDriver: chrome on windows (15a4a3dd14337d6f85cd31f92a9f4816)] -> xpath: /html[1]/body[1]/div[1]/div[1]/div[1]/aside[1]/nav[1]/div[2]/ul[1]/li[1]/a[1]]
2023-12-18 15:12:462 INFO  AdminPage :30 - Getting system user text [[ChromeDriver: chrome on windows (15a4a3dd14337d6f85cd31f92a9f4816)] -> css selector: .oxd-text.oxd-text--h5.oxd-table-filter-title]
2023-12-18 15:12:518 INFO  AdminPage :35 - Click on Add Button [[ChromeDriver: chrome on windows (15a4a3dd14337d6f85cd31f92a9f4816)] -> css selector: button[class='oxd-button oxd-button--medium oxd-button--secondary']]
2023-12-18 15:12:899 INFO  AdminPage :30 - Getting system user text Proxy element for: DefaultElementLocator 'By.cssSelector: .oxd-text.oxd-text--h5.oxd-table-filter-title'
2023-12-18 15:12:740 INFO  AddUserPage :56 - Select user Role Proxy element for: DefaultElementLocator 'By.cssSelector: .oxd-select-text.oxd-select-text--active.oxd-select-text--error'
2023-12-18 15:12:237 INFO  HomePage :27 - Enter username [[ChromeDriver: chrome on windows (37c4b207855e6dbd925363e1c128eee7)] -> xpath: /html[1]/body[1]/div[1]/div[1]/div[1]/div[1]/div[1]/div[2]/div[2]/form[1]/div[1]/div[1]/div[2]/input[1]]
2023-12-18 15:12:936 INFO  HomePage :27 - Enter username [[ChromeDriver: chrome on windows (42cbf4a2bd459d8bcaa7ee16aab47bd7)] -> xpath: /html[1]/body[1]/div[1]/div[1]/div[1]/div[1]/div[1]/div[2]/div[2]/form[1]/div[1]/div[1]/div[2]/input[1]]
2023-12-18 15:12:01 INFO  HomePage :34 - Enter password [[ChromeDriver: chrome on windows (42cbf4a2bd459d8bcaa7ee16aab47bd7)] -> xpath: /html[1]/body[1]/div[1]/div[1]/div[1]/div[1]/div[1]/div[2]/div[2]/form[1]/div[2]/div[1]/div[2]/input[1]]
2023-12-18 15:12:351 INFO  HomePage :27 - Enter username [[ChromeDriver: chrome on windows (1f727c8e56782c33665c0bd72863bef8)] -> xpath: /html[1]/body[1]/div[1]/div[1]/div[1]/div[1]/div[1]/div[2]/div[2]/form[1]/div[1]/div[1]/div[2]/input[1]]
2023-12-18 15:12:448 INFO  HomePage :34 - Enter password [[ChromeDriver: chrome on windows (1f727c8e56782c33665c0bd72863bef8)] -> xpath: /html[1]/body[1]/div[1]/div[1]/div[1]/div[1]/div[1]/div[2]/div[2]/form[1]/div[2]/div[1]/div[2]/input[1]]
2023-12-18 15:12:530 INFO  HomePage :40 - Click On login Button [[ChromeDriver: chrome on windows (1f727c8e56782c33665c0bd72863bef8)] -> xpath: /html[1]/body[1]/div[1]/div[1]/div[1]/div[1]/div[1]/div[2]/div[2]/form[1]/div[3]/button[1]]
2023-12-18 15:12:813 INFO  AdminPage :25 - Click on Admin [[ChromeDriver: chrome on windows (1f727c8e56782c33665c0bd72863bef8)] -> xpath: /html[1]/body[1]/div[1]/div[1]/div[1]/aside[1]/nav[1]/div[2]/ul[1]/li[1]/a[1]]
2023-12-18 15:12:749 INFO  AdminPage :30 - Getting system user text [[ChromeDriver: chrome on windows (1f727c8e56782c33665c0bd72863bef8)] -> css selector: .oxd-text.oxd-text--h5.oxd-table-filter-title]
2023-12-18 15:12:811 INFO  AdminPage :35 - Click on Add Button [[ChromeDriver: chrome on windows (1f727c8e56782c33665c0bd72863bef8)] -> css selector: button[class='oxd-button oxd-button--medium oxd-button--secondary']]
2023-12-18 15:12:320 INFO  AdminPage :30 - Getting system user text Proxy element for: DefaultElementLocator 'By.cssSelector: .oxd-text.oxd-text--h5.oxd-table-filter-title'
2023-12-18 15:12:880 INFO  HomePage :27 - Enter username [[ChromeDriver: chrome on windows (3bf3bab9a81afc2d7217d17843fb1b26)] -> xpath: /html[1]/body[1]/div[1]/div[1]/div[1]/div[1]/div[1]/div[2]/div[2]/form[1]/div[1]/div[1]/div[2]/input[1]]
2023-12-18 15:12:61 INFO  HomePage :34 - Enter password [[ChromeDriver: chrome on windows (3bf3bab9a81afc2d7217d17843fb1b26)] -> xpath: /html[1]/body[1]/div[1]/div[1]/div[1]/div[1]/div[1]/div[2]/div[2]/form[1]/div[2]/div[1]/div[2]/input[1]]
2023-12-18 15:12:207 INFO  HomePage :40 - Click On login Button [[ChromeDriver: chrome on windows (3bf3bab9a81afc2d7217d17843fb1b26)] -> xpath: /html[1]/body[1]/div[1]/div[1]/div[1]/div[1]/div[1]/div[2]/div[2]/form[1]/div[3]/button[1]]
2023-12-18 15:12:399 INFO  AdminPage :25 - Click on Admin [[ChromeDriver: chrome on windows (3bf3bab9a81afc2d7217d17843fb1b26)] -> xpath: /html[1]/body[1]/div[1]/div[1]/div[1]/aside[1]/nav[1]/div[2]/ul[1]/li[1]/a[1]]
2023-12-18 15:12:112 INFO  AdminPage :30 - Getting system user text [[ChromeDriver: chrome on windows (3bf3bab9a81afc2d7217d17843fb1b26)] -> css selector: .oxd-text.oxd-text--h5.oxd-table-filter-title]
2023-12-18 15:12:175 INFO  AdminPage :35 - Click on Add Button [[ChromeDriver: chrome on windows (3bf3bab9a81afc2d7217d17843fb1b26)] -> css selector: button[class='oxd-button oxd-button--medium oxd-button--secondary']]
2023-12-18 15:12:646 INFO  AdminPage :30 - Getting system user text Proxy element for: DefaultElementLocator 'By.cssSelector: .oxd-text.oxd-text--h5.oxd-table-filter-title'
2023-12-18 15:12:108 INFO  HomePage :27 - Enter username [[ChromeDriver: chrome on windows (2b216fdb3dc869c68874fccffeb0d6ef)] -> xpath: /html[1]/body[1]/div[1]/div[1]/div[1]/div[1]/div[1]/div[2]/div[2]/form[1]/div[1]/div[1]/div[2]/input[1]]
2023-12-18 15:12:292 INFO  HomePage :34 - Enter password [[ChromeDriver: chrome on windows (2b216fdb3dc869c68874fccffeb0d6ef)] -> xpath: /html[1]/body[1]/div[1]/div[1]/div[1]/div[1]/div[1]/div[2]/div[2]/form[1]/div[2]/div[1]/div[2]/input[1]]
2023-12-18 15:12:438 INFO  HomePage :40 - Click On login Button [[ChromeDriver: chrome on windows (2b216fdb3dc869c68874fccffeb0d6ef)] -> xpath: /html[1]/body[1]/div[1]/div[1]/div[1]/div[1]/div[1]/div[2]/div[2]/form[1]/div[3]/button[1]]
2023-12-18 15:12:745 INFO  AdminPage :25 - Click on Admin [[ChromeDriver: chrome on windows (2b216fdb3dc869c68874fccffeb0d6ef)] -> xpath: /html[1]/body[1]/div[1]/div[1]/div[1]/aside[1]/nav[1]/div[2]/ul[1]/li[1]/a[1]]
2023-12-18 15:12:492 INFO  AdminPage :30 - Getting system user text [[ChromeDriver: chrome on windows (2b216fdb3dc869c68874fccffeb0d6ef)] -> css selector: .oxd-text.oxd-text--h5.oxd-table-filter-title]
2023-12-18 15:12:598 INFO  AdminPage :35 - Click on Add Button [[ChromeDriver: chrome on windows (2b216fdb3dc869c68874fccffeb0d6ef)] -> css selector: button[class='oxd-button oxd-button--medium oxd-button--secondary']]
2023-12-18 15:12:79 INFO  AdminPage :30 - Getting system user text Proxy element for: DefaultElementLocator 'By.cssSelector: .oxd-text.oxd-text--h5.oxd-table-filter-title'
2023-12-18 15:12:322 INFO  HomePage :27 - Enter username [[ChromeDriver: chrome on windows (d693d4fc794bfb8b6e2bc916061398d4)] -> xpath: /html[1]/body[1]/div[1]/div[1]/div[1]/div[1]/div[1]/div[2]/div[2]/form[1]/div[1]/div[1]/div[2]/input[1]]
2023-12-18 15:12:520 INFO  HomePage :34 - Enter password [[ChromeDriver: chrome on windows (d693d4fc794bfb8b6e2bc916061398d4)] -> xpath: /html[1]/body[1]/div[1]/div[1]/div[1]/div[1]/div[1]/div[2]/div[2]/form[1]/div[2]/div[1]/div[2]/input[1]]
2023-12-18 15:12:723 INFO  HomePage :40 - Click On login Button [[ChromeDriver: chrome on windows (d693d4fc794bfb8b6e2bc916061398d4)] -> xpath: /html[1]/body[1]/div[1]/div[1]/div[1]/div[1]/div[1]/div[2]/div[2]/form[1]/div[3]/button[1]]
2023-12-18 15:12:119 INFO  AdminPage :25 - Click on Admin [[ChromeDriver: chrome on windows (d693d4fc794bfb8b6e2bc916061398d4)] -> xpath: /html[1]/body[1]/div[1]/div[1]/div[1]/aside[1]/nav[1]/div[2]/ul[1]/li[1]/a[1]]
2023-12-18 15:12:784 INFO  AdminPage :35 - Click on Add Button [[ChromeDriver: chrome on windows (d693d4fc794bfb8b6e2bc916061398d4)] -> css selector: button[class='oxd-button oxd-button--medium oxd-button--secondary']]
2023-12-18 15:12:495 INFO  AddUserPage :56 - Select user Role Proxy element for: DefaultElementLocator 'By.cssSelector: .oxd-select-text.oxd-select-text--active.oxd-select-text--error'
2023-12-18 16:12:320 INFO  HomePage :27 - Enter username [[ChromeDriver: chrome on windows (4466c44d9bca2628075f241965eb1238)] -> xpath: /html[1]/body[1]/div[1]/div[1]/div[1]/div[1]/div[1]/div[2]/div[2]/form[1]/div[1]/div[1]/div[2]/input[1]]
2023-12-18 16:12:510 INFO  HomePage :34 - Enter password [[ChromeDriver: chrome on windows (4466c44d9bca2628075f241965eb1238)] -> xpath: /html[1]/body[1]/div[1]/div[1]/div[1]/div[1]/div[1]/div[2]/div[2]/form[1]/div[2]/div[1]/div[2]/input[1]]
2023-12-18 16:12:699 INFO  HomePage :40 - Click On login Button [[ChromeDriver: chrome on windows (4466c44d9bca2628075f241965eb1238)] -> xpath: /html[1]/body[1]/div[1]/div[1]/div[1]/div[1]/div[1]/div[2]/div[2]/form[1]/div[3]/button[1]]
2023-12-18 16:12:09 INFO  AdminPage :25 - Click on Admin [[ChromeDriver: chrome on windows (4466c44d9bca2628075f241965eb1238)] -> xpath: /html[1]/body[1]/div[1]/div[1]/div[1]/aside[1]/nav[1]/div[2]/ul[1]/li[1]/a[1]]
2023-12-18 16:12:81 INFO  AdminPage :35 - Click on Add Button [[ChromeDriver: chrome on windows (4466c44d9bca2628075f241965eb1238)] -> css selector: button[class='oxd-button oxd-button--medium oxd-button--secondary']]
2023-12-18 16:12:828 INFO  AddUserPage :56 - Select user Role Proxy element for: DefaultElementLocator 'By.xpath: //div[@class='oxd-grid-4 orangehrm-full-width-grid']/div[2]/div/div[2]/div/div/div[2]/i'
2023-12-18 17:12:474 INFO  HomePage :27 - Enter username [[ChromeDriver: chrome on windows (f51aa897ab49b4b2c695e15d93676608)] -> xpath: /html[1]/body[1]/div[1]/div[1]/div[1]/div[1]/div[1]/div[2]/div[2]/form[1]/div[1]/div[1]/div[2]/input[1]]
2023-12-18 17:12:645 INFO  HomePage :34 - Enter password [[ChromeDriver: chrome on windows (f51aa897ab49b4b2c695e15d93676608)] -> xpath: /html[1]/body[1]/div[1]/div[1]/div[1]/div[1]/div[1]/div[2]/div[2]/form[1]/div[2]/div[1]/div[2]/input[1]]
2023-12-18 17:12:831 INFO  HomePage :40 - Click On login Button [[ChromeDriver: chrome on windows (f51aa897ab49b4b2c695e15d93676608)] -> xpath: /html[1]/body[1]/div[1]/div[1]/div[1]/div[1]/div[1]/div[2]/div[2]/form[1]/div[3]/button[1]]
2023-12-18 17:12:47 INFO  AdminPage :25 - Click on Admin [[ChromeDriver: chrome on windows (f51aa897ab49b4b2c695e15d93676608)] -> xpath: /html[1]/body[1]/div[1]/div[1]/div[1]/aside[1]/nav[1]/div[2]/ul[1]/li[1]/a[1]]
2023-12-18 17:12:456 INFO  AdminPage :35 - Click on Add Button [[ChromeDriver: chrome on windows (f51aa897ab49b4b2c695e15d93676608)] -> css selector: button[class='oxd-button oxd-button--medium oxd-button--secondary']]
2023-12-18 17:12:886 INFO  AddUserPage :56 - Select user Role Proxy element for: DefaultElementLocator 'By.xpath: //div[@class='oxd-grid-4 orangehrm-full-width-grid']/div[2]/div/div[2]/div/div/div[2]/i'
2023-12-18 17:12:722 INFO  HomePage :27 - Enter username [[ChromeDriver: chrome on windows (c8da4684a90817a153cd6270f624e89f)] -> xpath: /html[1]/body[1]/div[1]/div[1]/div[1]/div[1]/div[1]/div[2]/div[2]/form[1]/div[1]/div[1]/div[2]/input[1]]
2023-12-18 17:12:00 INFO  HomePage :34 - Enter password [[ChromeDriver: chrome on windows (c8da4684a90817a153cd6270f624e89f)] -> xpath: /html[1]/body[1]/div[1]/div[1]/div[1]/div[1]/div[1]/div[2]/div[2]/form[1]/div[2]/div[1]/div[2]/input[1]]
2023-12-18 17:12:267 INFO  HomePage :40 - Click On login Button [[ChromeDriver: chrome on windows (c8da4684a90817a153cd6270f624e89f)] -> xpath: /html[1]/body[1]/div[1]/div[1]/div[1]/div[1]/div[1]/div[2]/div[2]/form[1]/div[3]/button[1]]
2023-12-18 17:12:514 INFO  AdminPage :25 - Click on Admin [[ChromeDriver: chrome on windows (c8da4684a90817a153cd6270f624e89f)] -> xpath: /html[1]/body[1]/div[1]/div[1]/div[1]/aside[1]/nav[1]/div[2]/ul[1]/li[1]/a[1]]
2023-12-18 17:12:121 INFO  AdminPage :35 - Click on Add Button [[ChromeDriver: chrome on windows (c8da4684a90817a153cd6270f624e89f)] -> css selector: button[class='oxd-button oxd-button--medium oxd-button--secondary']]
2023-12-18 17:12:568 INFO  AddUserPage :56 - Select user Role Proxy element for: DefaultElementLocator 'By.xpath: //div[@class='oxd-grid-4 orangehrm-full-width-grid']/div[2]/div/div[2]/div/div/div[2]/i'
2023-12-18 17:12:474 INFO  HomePage :27 - Enter username [[ChromeDriver: chrome on windows (3031af4b68ec8e1079351c4a6fcddef1)] -> xpath: /html[1]/body[1]/div[1]/div[1]/div[1]/div[1]/div[1]/div[2]/div[2]/form[1]/div[1]/div[1]/div[2]/input[1]]
2023-12-18 17:12:647 INFO  HomePage :34 - Enter password [[ChromeDriver: chrome on windows (3031af4b68ec8e1079351c4a6fcddef1)] -> xpath: /html[1]/body[1]/div[1]/div[1]/div[1]/div[1]/div[1]/div[2]/div[2]/form[1]/div[2]/div[1]/div[2]/input[1]]
2023-12-18 17:12:850 INFO  HomePage :40 - Click On login Button [[ChromeDriver: chrome on windows (3031af4b68ec8e1079351c4a6fcddef1)] -> xpath: /html[1]/body[1]/div[1]/div[1]/div[1]/div[1]/div[1]/div[2]/div[2]/form[1]/div[3]/button[1]]
2023-12-18 17:12:168 INFO  AdminPage :25 - Click on Admin [[ChromeDriver: chrome on windows (3031af4b68ec8e1079351c4a6fcddef1)] -> xpath: /html[1]/body[1]/div[1]/div[1]/div[1]/aside[1]/nav[1]/div[2]/ul[1]/li[1]/a[1]]
2023-12-18 17:12:170 INFO  HomePage :27 - Enter username [[ChromeDriver: chrome on windows (caa0b48720a5d7aee7e6338b937bd0fa)] -> xpath: /html[1]/body[1]/div[1]/div[1]/div[1]/div[1]/div[1]/div[2]/div[2]/form[1]/div[1]/div[1]/div[2]/input[1]]
2023-12-18 17:12:327 INFO  HomePage :34 - Enter password [[ChromeDriver: chrome on windows (caa0b48720a5d7aee7e6338b937bd0fa)] -> xpath: /html[1]/body[1]/div[1]/div[1]/div[1]/div[1]/div[1]/div[2]/div[2]/form[1]/div[2]/div[1]/div[2]/input[1]]
2023-12-18 17:12:502 INFO  HomePage :40 - Click On login Button [[ChromeDriver: chrome on windows (caa0b48720a5d7aee7e6338b937bd0fa)] -> xpath: /html[1]/body[1]/div[1]/div[1]/div[1]/div[1]/div[1]/div[2]/div[2]/form[1]/div[3]/button[1]]
2023-12-18 17:12:641 INFO  AdminPage :25 - Click on Admin [[ChromeDriver: chrome on windows (caa0b48720a5d7aee7e6338b937bd0fa)] -> xpath: /html[1]/body[1]/div[1]/div[1]/div[1]/aside[1]/nav[1]/div[2]/ul[1]/li[1]/a[1]]
2023-12-18 17:12:590 INFO  HomePage :27 - Enter username [[ChromeDriver: chrome on windows (c5cf55b0794d0520427b243dc9b84fdb)] -> xpath: /html[1]/body[1]/div[1]/div[1]/div[1]/div[1]/div[1]/div[2]/div[2]/form[1]/div[1]/div[1]/div[2]/input[1]]
2023-12-18 17:12:794 INFO  HomePage :34 - Enter password [[ChromeDriver: chrome on windows (c5cf55b0794d0520427b243dc9b84fdb)] -> xpath: /html[1]/body[1]/div[1]/div[1]/div[1]/div[1]/div[1]/div[2]/div[2]/form[1]/div[2]/div[1]/div[2]/input[1]]
2023-12-18 17:12:988 INFO  HomePage :40 - Click On login Button [[ChromeDriver: chrome on windows (c5cf55b0794d0520427b243dc9b84fdb)] -> xpath: /html[1]/body[1]/div[1]/div[1]/div[1]/div[1]/div[1]/div[2]/div[2]/form[1]/div[3]/button[1]]
2023-12-18 17:12:243 INFO  AdminPage :25 - Click on Admin [[ChromeDriver: chrome on windows (c5cf55b0794d0520427b243dc9b84fdb)] -> xpath: /html[1]/body[1]/div[1]/div[1]/div[1]/aside[1]/nav[1]/div[2]/ul[1]/li[1]/a[1]]
2023-12-18 17:12:246 INFO  HomePage :27 - Enter username [[ChromeDriver: chrome on windows (06adb012b1d912bd44cd338df86a0432)] -> xpath: /html[1]/body[1]/div[1]/div[1]/div[1]/div[1]/div[1]/div[2]/div[2]/form[1]/div[1]/div[1]/div[2]/input[1]]
2023-12-18 17:12:393 INFO  HomePage :34 - Enter password [[ChromeDriver: chrome on windows (06adb012b1d912bd44cd338df86a0432)] -> xpath: /html[1]/body[1]/div[1]/div[1]/div[1]/div[1]/div[1]/div[2]/div[2]/form[1]/div[2]/div[1]/div[2]/input[1]]
2023-12-18 17:12:670 INFO  HomePage :40 - Click On login Button [[ChromeDriver: chrome on windows (06adb012b1d912bd44cd338df86a0432)] -> xpath: /html[1]/body[1]/div[1]/div[1]/div[1]/div[1]/div[1]/div[2]/div[2]/form[1]/div[3]/button[1]]
2023-12-18 17:12:847 INFO  AdminPage :25 - Click on Admin [[ChromeDriver: chrome on windows (06adb012b1d912bd44cd338df86a0432)] -> xpath: /html[1]/body[1]/div[1]/div[1]/div[1]/aside[1]/nav[1]/div[2]/ul[1]/li[1]/a[1]]
2023-12-18 17:12:202 INFO  HomePage :27 - Enter username [[ChromeDriver: chrome on windows (80280710c715a40048adab77e90470f1)] -> xpath: /html[1]/body[1]/div[1]/div[1]/div[1]/div[1]/div[1]/div[2]/div[2]/form[1]/div[1]/div[1]/div[2]/input[1]]
2023-12-18 17:12:325 INFO  HomePage :34 - Enter password [[ChromeDriver: chrome on windows (80280710c715a40048adab77e90470f1)] -> xpath: /html[1]/body[1]/div[1]/div[1]/div[1]/div[1]/div[1]/div[2]/div[2]/form[1]/div[2]/div[1]/div[2]/input[1]]
2023-12-18 17:12:474 INFO  HomePage :40 - Click On login Button [[ChromeDriver: chrome on windows (80280710c715a40048adab77e90470f1)] -> xpath: /html[1]/body[1]/div[1]/div[1]/div[1]/div[1]/div[1]/div[2]/div[2]/form[1]/div[3]/button[1]]
2023-12-18 17:12:563 INFO  AdminPage :25 - Click on Admin [[ChromeDriver: chrome on windows (80280710c715a40048adab77e90470f1)] -> xpath: /html[1]/body[1]/div[1]/div[1]/div[1]/aside[1]/nav[1]/div[2]/ul[1]/li[1]/a[1]]
2023-12-18 17:12:639 INFO  HomePage :27 - Enter username [[ChromeDriver: chrome on windows (94552b05a870090a56b99fd208af469d)] -> xpath: /html[1]/body[1]/div[1]/div[1]/div[1]/div[1]/div[1]/div[2]/div[2]/form[1]/div[1]/div[1]/div[2]/input[1]]
2023-12-18 17:12:840 INFO  HomePage :34 - Enter password [[ChromeDriver: chrome on windows (94552b05a870090a56b99fd208af469d)] -> xpath: /html[1]/body[1]/div[1]/div[1]/div[1]/div[1]/div[1]/div[2]/div[2]/form[1]/div[2]/div[1]/div[2]/input[1]]
2023-12-18 17:12:31 INFO  HomePage :40 - Click On login Button [[ChromeDriver: chrome on windows (94552b05a870090a56b99fd208af469d)] -> xpath: /html[1]/body[1]/div[1]/div[1]/div[1]/div[1]/div[1]/div[2]/div[2]/form[1]/div[3]/button[1]]
2023-12-18 17:12:122 INFO  AdminPage :25 - Click on Admin [[ChromeDriver: chrome on windows (94552b05a870090a56b99fd208af469d)] -> xpath: /html[1]/body[1]/div[1]/div[1]/div[1]/aside[1]/nav[1]/div[2]/ul[1]/li[1]/a[1]]
2023-12-18 17:12:354 INFO  HomePage :27 - Enter username [[ChromeDriver: chrome on windows (cd23ad6397be2d60219c9600eeb51264)] -> xpath: /html[1]/body[1]/div[1]/div[1]/div[1]/div[1]/div[1]/div[2]/div[2]/form[1]/div[1]/div[1]/div[2]/input[1]]
2023-12-18 17:12:519 INFO  HomePage :34 - Enter password [[ChromeDriver: chrome on windows (cd23ad6397be2d60219c9600eeb51264)] -> xpath: /html[1]/body[1]/div[1]/div[1]/div[1]/div[1]/div[1]/div[2]/div[2]/form[1]/div[2]/div[1]/div[2]/input[1]]
2023-12-18 17:12:722 INFO  HomePage :40 - Click On login Button [[ChromeDriver: chrome on windows (cd23ad6397be2d60219c9600eeb51264)] -> xpath: /html[1]/body[1]/div[1]/div[1]/div[1]/div[1]/div[1]/div[2]/div[2]/form[1]/div[3]/button[1]]
2023-12-18 17:12:736 INFO  HomePage :27 - Enter username [[ChromeDriver: chrome on windows (e4916f946469531e10c8e657d929ac21)] -> xpath: /html[1]/body[1]/div[1]/div[1]/div[1]/div[1]/div[1]/div[2]/div[2]/form[1]/div[1]/div[1]/div[2]/input[1]]
2023-12-18 17:12:985 INFO  HomePage :34 - Enter password [[ChromeDriver: chrome on windows (e4916f946469531e10c8e657d929ac21)] -> xpath: /html[1]/body[1]/div[1]/div[1]/div[1]/div[1]/div[1]/div[2]/div[2]/form[1]/div[2]/div[1]/div[2]/input[1]]
2023-12-18 17:12:277 INFO  HomePage :40 - Click On login Button [[ChromeDriver: chrome on windows (e4916f946469531e10c8e657d929ac21)] -> xpath: /html[1]/body[1]/div[1]/div[1]/div[1]/div[1]/div[1]/div[2]/div[2]/form[1]/div[3]/button[1]]
2023-12-18 17:12:596 INFO  DashboardPage :27 - Enter Profile Photo [[ChromeDriver: chrome on windows (e4916f946469531e10c8e657d929ac21)] -> xpath: (//img[@class='oxd-userdropdown-img'])[1]]
2023-12-18 17:12:608 INFO  DashboardPage :31 - Click On logout [[ChromeDriver: chrome on windows (e4916f946469531e10c8e657d929ac21)] -> xpath: (//a[normalize-space()='Logout'])[1]]
2023-12-18 17:12:804 INFO  DashboardPage :35 - Getting loginpanel [[ChromeDriver: chrome on windows (e4916f946469531e10c8e657d929ac21)] -> xpath: (//h5[normalize-space()='Login'])[1]]
2023-12-18 17:12:50 INFO  HomePage :27 - Enter username [[ChromeDriver: chrome on windows (62e4f76abe744e00fd18ee1ace46eb77)] -> xpath: /html[1]/body[1]/div[1]/div[1]/div[1]/div[1]/div[1]/div[2]/div[2]/form[1]/div[1]/div[1]/div[2]/input[1]]
2023-12-18 17:12:330 INFO  HomePage :34 - Enter password [[ChromeDriver: chrome on windows (62e4f76abe744e00fd18ee1ace46eb77)] -> xpath: /html[1]/body[1]/div[1]/div[1]/div[1]/div[1]/div[1]/div[2]/div[2]/form[1]/div[2]/div[1]/div[2]/input[1]]
2023-12-18 17:12:554 INFO  HomePage :40 - Click On login Button [[ChromeDriver: chrome on windows (62e4f76abe744e00fd18ee1ace46eb77)] -> xpath: /html[1]/body[1]/div[1]/div[1]/div[1]/div[1]/div[1]/div[2]/div[2]/form[1]/div[3]/button[1]]
2023-12-18 17:12:206 INFO  HomePage :43 - Getting error message Proxy element for: DefaultElementLocator 'By.xpath: (//span[@class='oxd-text oxd-text--span oxd-input-field-error-message oxd-input-group__message'][normalize-space()='Required'])[1]'
2023-12-18 17:12:422 INFO  HomePage :27 - Enter username [[ChromeDriver: chrome on windows (ff6cce42b66ef45d534221e459228b61)] -> xpath: /html[1]/body[1]/div[1]/div[1]/div[1]/div[1]/div[1]/div[2]/div[2]/form[1]/div[1]/div[1]/div[2]/input[1]]
2023-12-18 17:12:654 INFO  HomePage :34 - Enter password [[ChromeDriver: chrome on windows (ff6cce42b66ef45d534221e459228b61)] -> xpath: /html[1]/body[1]/div[1]/div[1]/div[1]/div[1]/div[1]/div[2]/div[2]/form[1]/div[2]/div[1]/div[2]/input[1]]
2023-12-18 17:12:812 INFO  HomePage :40 - Click On login Button [[ChromeDriver: chrome on windows (ff6cce42b66ef45d534221e459228b61)] -> xpath: /html[1]/body[1]/div[1]/div[1]/div[1]/div[1]/div[1]/div[2]/div[2]/form[1]/div[3]/button[1]]
2023-12-18 17:12:399 INFO  HomePage :43 - Getting error message Proxy element for: DefaultElementLocator 'By.xpath: (//span[@class='oxd-text oxd-text--span oxd-input-field-error-message oxd-input-group__message'][normalize-space()='Required'])[1]'
2023-12-18 17:12:877 INFO  HomePage :27 - Enter username [[ChromeDriver: chrome on windows (49996d2c922521e06b7ebff9339a891a)] -> xpath: /html[1]/body[1]/div[1]/div[1]/div[1]/div[1]/div[1]/div[2]/div[2]/form[1]/div[1]/div[1]/div[2]/input[1]]
2023-12-18 17:12:89 INFO  HomePage :34 - Enter password [[ChromeDriver: chrome on windows (49996d2c922521e06b7ebff9339a891a)] -> xpath: /html[1]/body[1]/div[1]/div[1]/div[1]/div[1]/div[1]/div[2]/div[2]/form[1]/div[2]/div[1]/div[2]/input[1]]
2023-12-18 17:12:242 INFO  HomePage :40 - Click On login Button [[ChromeDriver: chrome on windows (49996d2c922521e06b7ebff9339a891a)] -> xpath: /html[1]/body[1]/div[1]/div[1]/div[1]/div[1]/div[1]/div[2]/div[2]/form[1]/div[3]/button[1]]
2023-12-18 17:12:840 INFO  HomePage :43 - Getting error message Proxy element for: DefaultElementLocator 'By.xpath: (//span[@class='oxd-text oxd-text--span oxd-input-field-error-message oxd-input-group__message'][normalize-space()='Required'])[1]'
2023-12-18 17:12:122 INFO  HomePage :27 - Enter username [[ChromeDriver: chrome on windows (546da335c1a67d547222dba666f13b8e)] -> xpath: /html[1]/body[1]/div[1]/div[1]/div[1]/div[1]/div[1]/div[2]/div[2]/form[1]/div[1]/div[1]/div[2]/input[1]]
2023-12-18 17:12:338 INFO  HomePage :34 - Enter password [[ChromeDriver: chrome on windows (546da335c1a67d547222dba666f13b8e)] -> xpath: /html[1]/body[1]/div[1]/div[1]/div[1]/div[1]/div[1]/div[2]/div[2]/form[1]/div[2]/div[1]/div[2]/input[1]]
2023-12-18 17:12:468 INFO  HomePage :40 - Click On login Button [[ChromeDriver: chrome on windows (546da335c1a67d547222dba666f13b8e)] -> xpath: /html[1]/body[1]/div[1]/div[1]/div[1]/div[1]/div[1]/div[2]/div[2]/form[1]/div[3]/button[1]]
2023-12-18 17:12:656 INFO  HomePage :43 - Getting error message Proxy element for: DefaultElementLocator 'By.xpath: (//span[@class='oxd-text oxd-text--span oxd-input-field-error-message oxd-input-group__message'][normalize-space()='Required'])[1]'
2023-12-18 17:12:310 INFO  HomePage :27 - Enter username [[ChromeDriver: chrome on windows (9f39c13a78aeef800c10b30e20b9b336)] -> xpath: /html[1]/body[1]/div[1]/div[1]/div[1]/div[1]/div[1]/div[2]/div[2]/form[1]/div[1]/div[1]/div[2]/input[1]]
2023-12-18 17:12:441 INFO  HomePage :34 - Enter password [[ChromeDriver: chrome on windows (9f39c13a78aeef800c10b30e20b9b336)] -> xpath: /html[1]/body[1]/div[1]/div[1]/div[1]/div[1]/div[1]/div[2]/div[2]/form[1]/div[2]/div[1]/div[2]/input[1]]
2023-12-18 17:12:599 INFO  HomePage :40 - Click On login Button [[ChromeDriver: chrome on windows (9f39c13a78aeef800c10b30e20b9b336)] -> xpath: /html[1]/body[1]/div[1]/div[1]/div[1]/div[1]/div[1]/div[2]/div[2]/form[1]/div[3]/button[1]]
2023-12-18 17:12:676 INFO  AdminPage :25 - Click on Admin [[ChromeDriver: chrome on windows (9f39c13a78aeef800c10b30e20b9b336)] -> xpath: /html[1]/body[1]/div[1]/div[1]/div[1]/aside[1]/nav[1]/div[2]/ul[1]/li[1]/a[1]]
2023-12-18 17:12:670 INFO  HomePage :27 - Enter username [[ChromeDriver: chrome on windows (7c68750cb767cb3a09b091c44c21fb9c)] -> xpath: /html[1]/body[1]/div[1]/div[1]/div[1]/div[1]/div[1]/div[2]/div[2]/form[1]/div[1]/div[1]/div[2]/input[1]]
2023-12-18 17:12:809 INFO  HomePage :34 - Enter password [[ChromeDriver: chrome on windows (7c68750cb767cb3a09b091c44c21fb9c)] -> xpath: /html[1]/body[1]/div[1]/div[1]/div[1]/div[1]/div[1]/div[2]/div[2]/form[1]/div[2]/div[1]/div[2]/input[1]]
2023-12-18 17:12:967 INFO  HomePage :40 - Click On login Button [[ChromeDriver: chrome on windows (7c68750cb767cb3a09b091c44c21fb9c)] -> xpath: /html[1]/body[1]/div[1]/div[1]/div[1]/div[1]/div[1]/div[2]/div[2]/form[1]/div[3]/button[1]]
2023-12-18 17:12:86 INFO  AdminPage :25 - Click on Admin [[ChromeDriver: chrome on windows (7c68750cb767cb3a09b091c44c21fb9c)] -> xpath: /html[1]/body[1]/div[1]/div[1]/div[1]/aside[1]/nav[1]/div[2]/ul[1]/li[1]/a[1]]
2023-12-18 17:12:678 INFO  HomePage :27 - Enter username [[ChromeDriver: chrome on windows (70b5349da96fdd975090f29f99ed955b)] -> xpath: /html[1]/body[1]/div[1]/div[1]/div[1]/div[1]/div[1]/div[2]/div[2]/form[1]/div[1]/div[1]/div[2]/input[1]]
2023-12-18 17:12:874 INFO  HomePage :34 - Enter password [[ChromeDriver: chrome on windows (70b5349da96fdd975090f29f99ed955b)] -> xpath: /html[1]/body[1]/div[1]/div[1]/div[1]/div[1]/div[1]/div[2]/div[2]/form[1]/div[2]/div[1]/div[2]/input[1]]
2023-12-18 17:12:111 INFO  HomePage :40 - Click On login Button [[ChromeDriver: chrome on windows (70b5349da96fdd975090f29f99ed955b)] -> xpath: /html[1]/body[1]/div[1]/div[1]/div[1]/div[1]/div[1]/div[2]/div[2]/form[1]/div[3]/button[1]]
2023-12-18 17:12:540 INFO  AdminPage :25 - Click on Admin [[ChromeDriver: chrome on windows (70b5349da96fdd975090f29f99ed955b)] -> xpath: /html[1]/body[1]/div[1]/div[1]/div[1]/aside[1]/nav[1]/div[2]/ul[1]/li[1]/a[1]]
2023-12-18 17:12:265 INFO  HomePage :27 - Enter username [[ChromeDriver: chrome on windows (6f60e8da8c007eefa29da8900c3bd1d8)] -> xpath: /html[1]/body[1]/div[1]/div[1]/div[1]/div[1]/div[1]/div[2]/div[2]/form[1]/div[1]/div[1]/div[2]/input[1]]
2023-12-18 17:12:529 INFO  HomePage :34 - Enter password [[ChromeDriver: chrome on windows (6f60e8da8c007eefa29da8900c3bd1d8)] -> xpath: /html[1]/body[1]/div[1]/div[1]/div[1]/div[1]/div[1]/div[2]/div[2]/form[1]/div[2]/div[1]/div[2]/input[1]]
2023-12-18 17:12:752 INFO  HomePage :40 - Click On login Button [[ChromeDriver: chrome on windows (6f60e8da8c007eefa29da8900c3bd1d8)] -> xpath: /html[1]/body[1]/div[1]/div[1]/div[1]/div[1]/div[1]/div[2]/div[2]/form[1]/div[3]/button[1]]
2023-12-18 17:12:234 INFO  AdminPage :25 - Click on Admin [[ChromeDriver: chrome on windows (6f60e8da8c007eefa29da8900c3bd1d8)] -> xpath: /html[1]/body[1]/div[1]/div[1]/div[1]/aside[1]/nav[1]/div[2]/ul[1]/li[1]/a[1]]
2023-12-18 17:12:694 INFO  HomePage :27 - Enter username [[ChromeDriver: chrome on windows (00fe9d6b4ea7efdb239b56550fab8d3b)] -> xpath: /html[1]/body[1]/div[1]/div[1]/div[1]/div[1]/div[1]/div[2]/div[2]/form[1]/div[1]/div[1]/div[2]/input[1]]
2023-12-18 17:12:895 INFO  HomePage :34 - Enter password [[ChromeDriver: chrome on windows (00fe9d6b4ea7efdb239b56550fab8d3b)] -> xpath: /html[1]/body[1]/div[1]/div[1]/div[1]/div[1]/div[1]/div[2]/div[2]/form[1]/div[2]/div[1]/div[2]/input[1]]
2023-12-18 17:12:82 INFO  HomePage :40 - Click On login Button [[ChromeDriver: chrome on windows (00fe9d6b4ea7efdb239b56550fab8d3b)] -> xpath: /html[1]/body[1]/div[1]/div[1]/div[1]/div[1]/div[1]/div[2]/div[2]/form[1]/div[3]/button[1]]
2023-12-18 17:12:199 INFO  AdminPage :25 - Click on Admin [[ChromeDriver: chrome on windows (00fe9d6b4ea7efdb239b56550fab8d3b)] -> xpath: /html[1]/body[1]/div[1]/div[1]/div[1]/aside[1]/nav[1]/div[2]/ul[1]/li[1]/a[1]]
2023-12-18 17:12:377 INFO  HomePage :27 - Enter username [[ChromeDriver: chrome on windows (c6ace7e2d7404df65816b0105cbc3fc3)] -> xpath: /html[1]/body[1]/div[1]/div[1]/div[1]/div[1]/div[1]/div[2]/div[2]/form[1]/div[1]/div[1]/div[2]/input[1]]
2023-12-18 17:12:510 INFO  HomePage :34 - Enter password [[ChromeDriver: chrome on windows (c6ace7e2d7404df65816b0105cbc3fc3)] -> xpath: /html[1]/body[1]/div[1]/div[1]/div[1]/div[1]/div[1]/div[2]/div[2]/form[1]/div[2]/div[1]/div[2]/input[1]]
2023-12-18 17:12:661 INFO  HomePage :40 - Click On login Button [[ChromeDriver: chrome on windows (c6ace7e2d7404df65816b0105cbc3fc3)] -> xpath: /html[1]/body[1]/div[1]/div[1]/div[1]/div[1]/div[1]/div[2]/div[2]/form[1]/div[3]/button[1]]
2023-12-18 17:12:113 INFO  AdminPage :25 - Click on Admin [[ChromeDriver: chrome on windows (c6ace7e2d7404df65816b0105cbc3fc3)] -> xpath: /html[1]/body[1]/div[1]/div[1]/div[1]/aside[1]/nav[1]/div[2]/ul[1]/li[1]/a[1]]
2023-12-18 17:12:390 INFO  HomePage :27 - Enter username [[ChromeDriver: chrome on windows (09a05b910d87fa35aaaf799758ea99f0)] -> xpath: /html[1]/body[1]/div[1]/div[1]/div[1]/div[1]/div[1]/div[2]/div[2]/form[1]/div[1]/div[1]/div[2]/input[1]]
2023-12-18 17:12:555 INFO  HomePage :34 - Enter password [[ChromeDriver: chrome on windows (09a05b910d87fa35aaaf799758ea99f0)] -> xpath: /html[1]/body[1]/div[1]/div[1]/div[1]/div[1]/div[1]/div[2]/div[2]/form[1]/div[2]/div[1]/div[2]/input[1]]
2023-12-18 17:12:765 INFO  HomePage :40 - Click On login Button [[ChromeDriver: chrome on windows (09a05b910d87fa35aaaf799758ea99f0)] -> xpath: /html[1]/body[1]/div[1]/div[1]/div[1]/div[1]/div[1]/div[2]/div[2]/form[1]/div[3]/button[1]]
2023-12-18 17:12:101 INFO  HomePage :27 - Enter username [[ChromeDriver: chrome on windows (bb5dfcee6654c62951116fa43e4b4054)] -> xpath: /html[1]/body[1]/div[1]/div[1]/div[1]/div[1]/div[1]/div[2]/div[2]/form[1]/div[1]/div[1]/div[2]/input[1]]
2023-12-18 17:12:460 INFO  HomePage :34 - Enter password [[ChromeDriver: chrome on windows (bb5dfcee6654c62951116fa43e4b4054)] -> xpath: /html[1]/body[1]/div[1]/div[1]/div[1]/div[1]/div[1]/div[2]/div[2]/form[1]/div[2]/div[1]/div[2]/input[1]]
2023-12-18 17:12:752 INFO  HomePage :40 - Click On login Button [[ChromeDriver: chrome on windows (bb5dfcee6654c62951116fa43e4b4054)] -> xpath: /html[1]/body[1]/div[1]/div[1]/div[1]/div[1]/div[1]/div[2]/div[2]/form[1]/div[3]/button[1]]
2023-12-18 17:12:530 INFO  DashboardPage :27 - Enter Profile Photo [[ChromeDriver: chrome on windows (bb5dfcee6654c62951116fa43e4b4054)] -> xpath: (//img[@class='oxd-userdropdown-img'])[1]]
2023-12-18 17:12:769 INFO  DashboardPage :31 - Click On logout [[ChromeDriver: chrome on windows (bb5dfcee6654c62951116fa43e4b4054)] -> xpath: (//a[normalize-space()='Logout'])[1]]
2023-12-18 17:12:36 INFO  DashboardPage :35 - Getting loginpanel [[ChromeDriver: chrome on windows (bb5dfcee6654c62951116fa43e4b4054)] -> xpath: (//h5[normalize-space()='Login'])[1]]
2023-12-18 17:12:897 INFO  HomePage :27 - Enter username [[ChromeDriver: chrome on windows (c5ee643fe57b1e7797c322a0b512eeee)] -> xpath: /html[1]/body[1]/div[1]/div[1]/div[1]/div[1]/div[1]/div[2]/div[2]/form[1]/div[1]/div[1]/div[2]/input[1]]
2023-12-18 17:12:37 INFO  HomePage :34 - Enter password [[ChromeDriver: chrome on windows (c5ee643fe57b1e7797c322a0b512eeee)] -> xpath: /html[1]/body[1]/div[1]/div[1]/div[1]/div[1]/div[1]/div[2]/div[2]/form[1]/div[2]/div[1]/div[2]/input[1]]
2023-12-18 17:12:244 INFO  HomePage :40 - Click On login Button [[ChromeDriver: chrome on windows (c5ee643fe57b1e7797c322a0b512eeee)] -> xpath: /html[1]/body[1]/div[1]/div[1]/div[1]/div[1]/div[1]/div[2]/div[2]/form[1]/div[3]/button[1]]
2023-12-18 17:12:893 INFO  AdminPage :25 - Click on Admin [[ChromeDriver: chrome on windows (c5ee643fe57b1e7797c322a0b512eeee)] -> xpath: /html[1]/body[1]/div[1]/div[1]/div[1]/aside[1]/nav[1]/div[2]/ul[1]/li[1]/a[1]]
2023-12-18 17:12:550 INFO  HomePage :27 - Enter username [[ChromeDriver: chrome on windows (ad23335bca374cfc980abc3fed811368)] -> xpath: /html[1]/body[1]/div[1]/div[1]/div[1]/div[1]/div[1]/div[2]/div[2]/form[1]/div[1]/div[1]/div[2]/input[1]]
2023-12-18 17:12:708 INFO  HomePage :34 - Enter password [[ChromeDriver: chrome on windows (ad23335bca374cfc980abc3fed811368)] -> xpath: /html[1]/body[1]/div[1]/div[1]/div[1]/div[1]/div[1]/div[2]/div[2]/form[1]/div[2]/div[1]/div[2]/input[1]]
2023-12-18 17:12:921 INFO  HomePage :40 - Click On login Button [[ChromeDriver: chrome on windows (ad23335bca374cfc980abc3fed811368)] -> xpath: /html[1]/body[1]/div[1]/div[1]/div[1]/div[1]/div[1]/div[2]/div[2]/form[1]/div[3]/button[1]]
2023-12-18 17:12:112 INFO  AdminPage :25 - Click on Admin [[ChromeDriver: chrome on windows (ad23335bca374cfc980abc3fed811368)] -> xpath: /html[1]/body[1]/div[1]/div[1]/div[1]/aside[1]/nav[1]/div[2]/ul[1]/li[1]/a[1]]
2023-12-18 17:12:669 INFO  HomePage :27 - Enter username [[ChromeDriver: chrome on windows (401501acc4c8ebe4fd9279dde56ad247)] -> xpath: /html[1]/body[1]/div[1]/div[1]/div[1]/div[1]/div[1]/div[2]/div[2]/form[1]/div[1]/div[1]/div[2]/input[1]]
2023-12-18 17:12:862 INFO  HomePage :34 - Enter password [[ChromeDriver: chrome on windows (401501acc4c8ebe4fd9279dde56ad247)] -> xpath: /html[1]/body[1]/div[1]/div[1]/div[1]/div[1]/div[1]/div[2]/div[2]/form[1]/div[2]/div[1]/div[2]/input[1]]
2023-12-18 17:12:78 INFO  HomePage :40 - Click On login Button [[ChromeDriver: chrome on windows (401501acc4c8ebe4fd9279dde56ad247)] -> xpath: /html[1]/body[1]/div[1]/div[1]/div[1]/div[1]/div[1]/div[2]/div[2]/form[1]/div[3]/button[1]]
2023-12-18 17:12:376 INFO  AdminPage :25 - Click on Admin [[ChromeDriver: chrome on windows (401501acc4c8ebe4fd9279dde56ad247)] -> xpath: /html[1]/body[1]/div[1]/div[1]/div[1]/aside[1]/nav[1]/div[2]/ul[1]/li[1]/a[1]]
2023-12-18 17:12:37 INFO  HomePage :27 - Enter username [[ChromeDriver: chrome on windows (626c82f564cdd0f26ddf8675eaf4610d)] -> xpath: /html[1]/body[1]/div[1]/div[1]/div[1]/div[1]/div[1]/div[2]/div[2]/form[1]/div[1]/div[1]/div[2]/input[1]]
2023-12-18 17:12:199 INFO  HomePage :34 - Enter password [[ChromeDriver: chrome on windows (626c82f564cdd0f26ddf8675eaf4610d)] -> xpath: /html[1]/body[1]/div[1]/div[1]/div[1]/div[1]/div[1]/div[2]/div[2]/form[1]/div[2]/div[1]/div[2]/input[1]]
2023-12-18 17:12:393 INFO  HomePage :40 - Click On login Button [[ChromeDriver: chrome on windows (626c82f564cdd0f26ddf8675eaf4610d)] -> xpath: /html[1]/body[1]/div[1]/div[1]/div[1]/div[1]/div[1]/div[2]/div[2]/form[1]/div[3]/button[1]]
2023-12-18 17:12:429 INFO  AdminPage :25 - Click on Admin [[ChromeDriver: chrome on windows (626c82f564cdd0f26ddf8675eaf4610d)] -> xpath: /html[1]/body[1]/div[1]/div[1]/div[1]/aside[1]/nav[1]/div[2]/ul[1]/li[1]/a[1]]
2023-12-18 17:12:547 INFO  HomePage :27 - Enter username [[ChromeDriver: chrome on windows (ef5848bdcf4248e0b60b5460dc9fc05a)] -> xpath: /html[1]/body[1]/div[1]/div[1]/div[1]/div[1]/div[1]/div[2]/div[2]/form[1]/div[1]/div[1]/div[2]/input[1]]
2023-12-18 17:12:734 INFO  HomePage :34 - Enter password [[ChromeDriver: chrome on windows (ef5848bdcf4248e0b60b5460dc9fc05a)] -> xpath: /html[1]/body[1]/div[1]/div[1]/div[1]/div[1]/div[1]/div[2]/div[2]/form[1]/div[2]/div[1]/div[2]/input[1]]
2023-12-18 17:12:951 INFO  HomePage :40 - Click On login Button [[ChromeDriver: chrome on windows (ef5848bdcf4248e0b60b5460dc9fc05a)] -> xpath: /html[1]/body[1]/div[1]/div[1]/div[1]/div[1]/div[1]/div[2]/div[2]/form[1]/div[3]/button[1]]
2023-12-18 17:12:169 INFO  AdminPage :25 - Click on Admin [[ChromeDriver: chrome on windows (ef5848bdcf4248e0b60b5460dc9fc05a)] -> xpath: /html[1]/body[1]/div[1]/div[1]/div[1]/aside[1]/nav[1]/div[2]/ul[1]/li[1]/a[1]]
2023-12-18 17:12:261 INFO  HomePage :27 - Enter username [[ChromeDriver: chrome on windows (c4683a1c6c951a73ae8cac4d7294cc4f)] -> xpath: /html[1]/body[1]/div[1]/div[1]/div[1]/div[1]/div[1]/div[2]/div[2]/form[1]/div[1]/div[1]/div[2]/input[1]]
2023-12-18 17:12:545 INFO  HomePage :34 - Enter password [[ChromeDriver: chrome on windows (c4683a1c6c951a73ae8cac4d7294cc4f)] -> xpath: /html[1]/body[1]/div[1]/div[1]/div[1]/div[1]/div[1]/div[2]/div[2]/form[1]/div[2]/div[1]/div[2]/input[1]]
2023-12-18 17:12:793 INFO  HomePage :40 - Click On login Button [[ChromeDriver: chrome on windows (c4683a1c6c951a73ae8cac4d7294cc4f)] -> xpath: /html[1]/body[1]/div[1]/div[1]/div[1]/div[1]/div[1]/div[2]/div[2]/form[1]/div[3]/button[1]]
2023-12-18 17:12:224 INFO  AdminPage :25 - Click on Admin [[ChromeDriver: chrome on windows (c4683a1c6c951a73ae8cac4d7294cc4f)] -> xpath: /html[1]/body[1]/div[1]/div[1]/div[1]/aside[1]/nav[1]/div[2]/ul[1]/li[1]/a[1]]
2023-12-18 19:12:825 INFO  HomePage :27 - Enter username [[ChromeDriver: chrome on windows (abc42485ebbb165a66d0762e887c39b3)] -> xpath: /html[1]/body[1]/div[1]/div[1]/div[1]/div[1]/div[1]/div[2]/div[2]/form[1]/div[1]/div[1]/div[2]/input[1]]
2023-12-18 19:12:985 INFO  HomePage :34 - Enter password [[ChromeDriver: chrome on windows (abc42485ebbb165a66d0762e887c39b3)] -> xpath: /html[1]/body[1]/div[1]/div[1]/div[1]/div[1]/div[1]/div[2]/div[2]/form[1]/div[2]/div[1]/div[2]/input[1]]
2023-12-18 19:12:139 INFO  HomePage :40 - Click On login Button [[ChromeDriver: chrome on windows (abc42485ebbb165a66d0762e887c39b3)] -> xpath: /html[1]/body[1]/div[1]/div[1]/div[1]/div[1]/div[1]/div[2]/div[2]/form[1]/div[3]/button[1]]
2023-12-18 19:12:803 INFO  HomePage :27 - Enter username [[ChromeDriver: chrome on windows (a38b4c875017ef7adb184260969e528c)] -> xpath: /html[1]/body[1]/div[1]/div[1]/div[1]/div[1]/div[1]/div[2]/div[2]/form[1]/div[1]/div[1]/div[2]/input[1]]
2023-12-18 19:12:943 INFO  HomePage :34 - Enter password [[ChromeDriver: chrome on windows (a38b4c875017ef7adb184260969e528c)] -> xpath: /html[1]/body[1]/div[1]/div[1]/div[1]/div[1]/div[1]/div[2]/div[2]/form[1]/div[2]/div[1]/div[2]/input[1]]
2023-12-18 19:12:70 INFO  HomePage :40 - Click On login Button [[ChromeDriver: chrome on windows (a38b4c875017ef7adb184260969e528c)] -> xpath: /html[1]/body[1]/div[1]/div[1]/div[1]/div[1]/div[1]/div[2]/div[2]/form[1]/div[3]/button[1]]
2023-12-18 19:12:70 INFO  DashboardPage :27 - Enter Profile Photo [[ChromeDriver: chrome on windows (a38b4c875017ef7adb184260969e528c)] -> xpath: (//img[@class='oxd-userdropdown-img'])[1]]
2023-12-18 19:12:696 INFO  DashboardPage :31 - Click On logout [[ChromeDriver: chrome on windows (a38b4c875017ef7adb184260969e528c)] -> xpath: (//a[normalize-space()='Logout'])[1]]
2023-12-18 19:12:916 INFO  DashboardPage :35 - Getting loginpanel [[ChromeDriver: chrome on windows (a38b4c875017ef7adb184260969e528c)] -> xpath: (//h5[normalize-space()='Login'])[1]]
2023-12-18 19:12:441 INFO  HomePage :27 - Enter username [[ChromeDriver: chrome on windows (ef2f7199681342da0392481a47f167d0)] -> xpath: /html[1]/body[1]/div[1]/div[1]/div[1]/div[1]/div[1]/div[2]/div[2]/form[1]/div[1]/div[1]/div[2]/input[1]]
2023-12-18 19:12:560 INFO  HomePage :34 - Enter password [[ChromeDriver: chrome on windows (ef2f7199681342da0392481a47f167d0)] -> xpath: /html[1]/body[1]/div[1]/div[1]/div[1]/div[1]/div[1]/div[2]/div[2]/form[1]/div[2]/div[1]/div[2]/input[1]]
2023-12-18 19:12:631 INFO  HomePage :40 - Click On login Button [[ChromeDriver: chrome on windows (ef2f7199681342da0392481a47f167d0)] -> xpath: /html[1]/body[1]/div[1]/div[1]/div[1]/div[1]/div[1]/div[2]/div[2]/form[1]/div[3]/button[1]]
2023-12-18 19:12:93 INFO  HomePage :43 - Getting error message Proxy element for: DefaultElementLocator 'By.xpath: (//span[@class='oxd-text oxd-text--span oxd-input-field-error-message oxd-input-group__message'][normalize-space()='Required'])[1]'
2023-12-18 19:12:946 INFO  HomePage :27 - Enter username [[ChromeDriver: chrome on windows (0e8aae73fe994f6be7b7528ec2fcb5bd)] -> xpath: /html[1]/body[1]/div[1]/div[1]/div[1]/div[1]/div[1]/div[2]/div[2]/form[1]/div[1]/div[1]/div[2]/input[1]]
2023-12-18 19:12:69 INFO  HomePage :34 - Enter password [[ChromeDriver: chrome on windows (0e8aae73fe994f6be7b7528ec2fcb5bd)] -> xpath: /html[1]/body[1]/div[1]/div[1]/div[1]/div[1]/div[1]/div[2]/div[2]/form[1]/div[2]/div[1]/div[2]/input[1]]
2023-12-18 19:12:136 INFO  HomePage :40 - Click On login Button [[ChromeDriver: chrome on windows (0e8aae73fe994f6be7b7528ec2fcb5bd)] -> xpath: /html[1]/body[1]/div[1]/div[1]/div[1]/div[1]/div[1]/div[2]/div[2]/form[1]/div[3]/button[1]]
2023-12-18 19:12:644 INFO  HomePage :43 - Getting error message Proxy element for: DefaultElementLocator 'By.xpath: (//span[@class='oxd-text oxd-text--span oxd-input-field-error-message oxd-input-group__message'][normalize-space()='Required'])[1]'
2023-12-18 19:12:124 INFO  HomePage :27 - Enter username [[ChromeDriver: chrome on windows (38b0c2ba02091b58df990737f75350ff)] -> xpath: /html[1]/body[1]/div[1]/div[1]/div[1]/div[1]/div[1]/div[2]/div[2]/form[1]/div[1]/div[1]/div[2]/input[1]]
2023-12-18 19:12:235 INFO  HomePage :34 - Enter password [[ChromeDriver: chrome on windows (38b0c2ba02091b58df990737f75350ff)] -> xpath: /html[1]/body[1]/div[1]/div[1]/div[1]/div[1]/div[1]/div[2]/div[2]/form[1]/div[2]/div[1]/div[2]/input[1]]
2023-12-18 19:12:314 INFO  HomePage :40 - Click On login Button [[ChromeDriver: chrome on windows (38b0c2ba02091b58df990737f75350ff)] -> xpath: /html[1]/body[1]/div[1]/div[1]/div[1]/div[1]/div[1]/div[2]/div[2]/form[1]/div[3]/button[1]]
2023-12-18 19:12:771 INFO  HomePage :43 - Getting error message Proxy element for: DefaultElementLocator 'By.xpath: (//span[@class='oxd-text oxd-text--span oxd-input-field-error-message oxd-input-group__message'][normalize-space()='Required'])[1]'
2023-12-18 19:12:207 INFO  HomePage :27 - Enter username [[ChromeDriver: chrome on windows (92f3e240cc86ee868096b8fc8914c7bd)] -> xpath: /html[1]/body[1]/div[1]/div[1]/div[1]/div[1]/div[1]/div[2]/div[2]/form[1]/div[1]/div[1]/div[2]/input[1]]
2023-12-18 19:12:327 INFO  HomePage :34 - Enter password [[ChromeDriver: chrome on windows (92f3e240cc86ee868096b8fc8914c7bd)] -> xpath: /html[1]/body[1]/div[1]/div[1]/div[1]/div[1]/div[1]/div[2]/div[2]/form[1]/div[2]/div[1]/div[2]/input[1]]
2023-12-18 19:12:396 INFO  HomePage :40 - Click On login Button [[ChromeDriver: chrome on windows (92f3e240cc86ee868096b8fc8914c7bd)] -> xpath: /html[1]/body[1]/div[1]/div[1]/div[1]/div[1]/div[1]/div[2]/div[2]/form[1]/div[3]/button[1]]
2023-12-18 19:12:827 INFO  HomePage :43 - Getting error message Proxy element for: DefaultElementLocator 'By.xpath: (//span[@class='oxd-text oxd-text--span oxd-input-field-error-message oxd-input-group__message'][normalize-space()='Required'])[1]'
2023-12-18 19:12:528 INFO  HomePage :27 - Enter username [[ChromeDriver: chrome on windows (a6e8baa325ca2bd895b5af83c5f64ade)] -> xpath: /html[1]/body[1]/div[1]/div[1]/div[1]/div[1]/div[1]/div[2]/div[2]/form[1]/div[1]/div[1]/div[2]/input[1]]
2023-12-18 19:12:625 INFO  HomePage :34 - Enter password [[ChromeDriver: chrome on windows (a6e8baa325ca2bd895b5af83c5f64ade)] -> xpath: /html[1]/body[1]/div[1]/div[1]/div[1]/div[1]/div[1]/div[2]/div[2]/form[1]/div[2]/div[1]/div[2]/input[1]]
2023-12-18 19:12:720 INFO  HomePage :40 - Click On login Button [[ChromeDriver: chrome on windows (a6e8baa325ca2bd895b5af83c5f64ade)] -> xpath: /html[1]/body[1]/div[1]/div[1]/div[1]/div[1]/div[1]/div[2]/div[2]/form[1]/div[3]/button[1]]
2023-12-18 19:12:753 INFO  AdminPage :25 - Click on Admin [[ChromeDriver: chrome on windows (a6e8baa325ca2bd895b5af83c5f64ade)] -> xpath: /html[1]/body[1]/div[1]/div[1]/div[1]/aside[1]/nav[1]/div[2]/ul[1]/li[1]/a[1]]
2023-12-18 19:12:224 INFO  HomePage :27 - Enter username [[ChromeDriver: chrome on windows (3f42016a02b5588f2c2aeb9a6132f347)] -> xpath: /html[1]/body[1]/div[1]/div[1]/div[1]/div[1]/div[1]/div[2]/div[2]/form[1]/div[1]/div[1]/div[2]/input[1]]
2023-12-18 19:12:297 INFO  HomePage :34 - Enter password [[ChromeDriver: chrome on windows (3f42016a02b5588f2c2aeb9a6132f347)] -> xpath: /html[1]/body[1]/div[1]/div[1]/div[1]/div[1]/div[1]/div[2]/div[2]/form[1]/div[2]/div[1]/div[2]/input[1]]
2023-12-18 19:12:403 INFO  HomePage :40 - Click On login Button [[ChromeDriver: chrome on windows (3f42016a02b5588f2c2aeb9a6132f347)] -> xpath: /html[1]/body[1]/div[1]/div[1]/div[1]/div[1]/div[1]/div[2]/div[2]/form[1]/div[3]/button[1]]
2023-12-18 19:12:359 INFO  AdminPage :25 - Click on Admin [[ChromeDriver: chrome on windows (3f42016a02b5588f2c2aeb9a6132f347)] -> xpath: /html[1]/body[1]/div[1]/div[1]/div[1]/aside[1]/nav[1]/div[2]/ul[1]/li[1]/a[1]]
2023-12-18 19:12:852 INFO  HomePage :27 - Enter username [[ChromeDriver: chrome on windows (3a67d50979cf2e3b2cf07ce63ef8f96e)] -> xpath: /html[1]/body[1]/div[1]/div[1]/div[1]/div[1]/div[1]/div[2]/div[2]/form[1]/div[1]/div[1]/div[2]/input[1]]
2023-12-18 19:12:942 INFO  HomePage :34 - Enter password [[ChromeDriver: chrome on windows (3a67d50979cf2e3b2cf07ce63ef8f96e)] -> xpath: /html[1]/body[1]/div[1]/div[1]/div[1]/div[1]/div[1]/div[2]/div[2]/form[1]/div[2]/div[1]/div[2]/input[1]]
2023-12-18 19:12:36 INFO  HomePage :40 - Click On login Button [[ChromeDriver: chrome on windows (3a67d50979cf2e3b2cf07ce63ef8f96e)] -> xpath: /html[1]/body[1]/div[1]/div[1]/div[1]/div[1]/div[1]/div[2]/div[2]/form[1]/div[3]/button[1]]
2023-12-18 19:12:922 INFO  AdminPage :25 - Click on Admin [[ChromeDriver: chrome on windows (3a67d50979cf2e3b2cf07ce63ef8f96e)] -> xpath: /html[1]/body[1]/div[1]/div[1]/div[1]/aside[1]/nav[1]/div[2]/ul[1]/li[1]/a[1]]
2023-12-18 19:12:994 INFO  HomePage :27 - Enter username [[ChromeDriver: chrome on windows (ddf64d306e00d0e7abe8d4b28c657477)] -> xpath: /html[1]/body[1]/div[1]/div[1]/div[1]/div[1]/div[1]/div[2]/div[2]/form[1]/div[1]/div[1]/div[2]/input[1]]
2023-12-18 19:12:73 INFO  HomePage :34 - Enter password [[ChromeDriver: chrome on windows (ddf64d306e00d0e7abe8d4b28c657477)] -> xpath: /html[1]/body[1]/div[1]/div[1]/div[1]/div[1]/div[1]/div[2]/div[2]/form[1]/div[2]/div[1]/div[2]/input[1]]
2023-12-18 19:12:156 INFO  HomePage :40 - Click On login Button [[ChromeDriver: chrome on windows (ddf64d306e00d0e7abe8d4b28c657477)] -> xpath: /html[1]/body[1]/div[1]/div[1]/div[1]/div[1]/div[1]/div[2]/div[2]/form[1]/div[3]/button[1]]
2023-12-18 19:12:146 INFO  AdminPage :25 - Click on Admin [[ChromeDriver: chrome on windows (ddf64d306e00d0e7abe8d4b28c657477)] -> xpath: /html[1]/body[1]/div[1]/div[1]/div[1]/aside[1]/nav[1]/div[2]/ul[1]/li[1]/a[1]]
2023-12-18 19:12:320 INFO  HomePage :27 - Enter username [[ChromeDriver: chrome on windows (72388b7da4310278169d2266983fdaad)] -> xpath: /html[1]/body[1]/div[1]/div[1]/div[1]/div[1]/div[1]/div[2]/div[2]/form[1]/div[1]/div[1]/div[2]/input[1]]
2023-12-18 19:12:380 INFO  HomePage :34 - Enter password [[ChromeDriver: chrome on windows (72388b7da4310278169d2266983fdaad)] -> xpath: /html[1]/body[1]/div[1]/div[1]/div[1]/div[1]/div[1]/div[2]/div[2]/form[1]/div[2]/div[1]/div[2]/input[1]]
2023-12-18 19:12:456 INFO  HomePage :40 - Click On login Button [[ChromeDriver: chrome on windows (72388b7da4310278169d2266983fdaad)] -> xpath: /html[1]/body[1]/div[1]/div[1]/div[1]/div[1]/div[1]/div[2]/div[2]/form[1]/div[3]/button[1]]
2023-12-18 19:12:467 INFO  AdminPage :25 - Click on Admin [[ChromeDriver: chrome on windows (72388b7da4310278169d2266983fdaad)] -> xpath: /html[1]/body[1]/div[1]/div[1]/div[1]/aside[1]/nav[1]/div[2]/ul[1]/li[1]/a[1]]
2023-12-18 19:12:358 INFO  HomePage :27 - Enter username [[ChromeDriver: chrome on windows (92130fa208fec233ec0834e7d4dba33b)] -> xpath: /html[1]/body[1]/div[1]/div[1]/div[1]/div[1]/div[1]/div[2]/div[2]/form[1]/div[1]/div[1]/div[2]/input[1]]
2023-12-18 19:12:438 INFO  HomePage :34 - Enter password [[ChromeDriver: chrome on windows (92130fa208fec233ec0834e7d4dba33b)] -> xpath: /html[1]/body[1]/div[1]/div[1]/div[1]/div[1]/div[1]/div[2]/div[2]/form[1]/div[2]/div[1]/div[2]/input[1]]
2023-12-18 19:12:523 INFO  HomePage :40 - Click On login Button [[ChromeDriver: chrome on windows (92130fa208fec233ec0834e7d4dba33b)] -> xpath: /html[1]/body[1]/div[1]/div[1]/div[1]/div[1]/div[1]/div[2]/div[2]/form[1]/div[3]/button[1]]
2023-12-18 19:12:466 INFO  AdminPage :25 - Click on Admin [[ChromeDriver: chrome on windows (92130fa208fec233ec0834e7d4dba33b)] -> xpath: /html[1]/body[1]/div[1]/div[1]/div[1]/aside[1]/nav[1]/div[2]/ul[1]/li[1]/a[1]]
